Using pre-set license
Built from '2020.2/release' branch; Version is '2020.2.1f1 (270dd8c3da1c) revision 2559448'; Using compiler version '192528614'; Build Type 'Release'
OS: 'Windows 10  (10.0.0) 64bit' Language: 'ru' Physical Memory: 16330 MB
BatchMode: 1, IsHumanControllingUs: 0, StartBugReporterOnCrash: 0, Is64bit: 1, IsPro: 0

 COMMAND LINE ARGUMENTS:
C:\UnityProject\2019.4.20f1\Editor\Unity.exe
-adb2
-batchMode
-noUpm
-name
AssetImportWorker0
-projectPath
C:/Users/danov/Documents/GitHub/Fantasy
-logFile
Logs/AssetImportWorker0.log
-srvPort
61302
Successfully changed project path to: C:/Users/danov/Documents/GitHub/Fantasy
C:/Users/danov/Documents/GitHub/Fantasy
Using Asset Import Pipeline V2.
Refreshing native plugins compatible for Editor in 22.30 ms, found 0 plugins.
Preloading 0 native plugins for Editor in 0.00 ms.
Initialize engine version: 2020.2.1f1 (270dd8c3da1c)
[Subsystems] Discovering subsystems at path C:/UnityProject/2019.4.20f1/Editor/Data/Resources/UnitySubsystems
[Subsystems] Discovering subsystems at path C:/Users/danov/Documents/GitHub/Fantasy/Assets
GfxDevice: creating device client; threaded=0
Direct3D:
    Version:  Direct3D 11.0 [level 11.1]
    Renderer: NVIDIA GeForce GTX 1060 6GB (ID=0x1b83)
    Vendor:   
    VRAM:     6052 MB
    Driver:   27.21.14.6109
Initialize mono
Mono path[0] = 'C:/UnityProject/2019.4.20f1/Editor/Data/Managed'
Mono path[1] = 'C:/UnityProject/2019.4.20f1/Editor/Data/MonoBleedingEdge/lib/mono/unityjit'
Mono config path = 'C:/UnityProject/2019.4.20f1/Editor/Data/MonoBleedingEdge/etc'
Using monoOptions --debugger-agent=transport=dt_socket,embedding=1,server=y,suspend=n,address=127.0.0.1:56656
Begin MonoManager ReloadAssembly
Registering precompiled unity dll's ...
Register platform support module: C:/UnityProject/2019.4.20f1/Editor/Data/PlaybackEngines/WindowsStandaloneSupport/UnityEditor.WindowsStandalone.Extensions.dll
Registered in 0.001250 seconds.
Native extension for WindowsStandalone target not found
Refreshing native plugins compatible for Editor in 20.72 ms, found 0 plugins.
Preloading 0 native plugins for Editor in 0.00 ms.
Invoked RoslynAnalysisRunner static constructor.
RoslynAnalysisRunner will not be running.
RoslynAnalysisRunner has terminated.
Mono: successfully reloaded assembly
- Completed reload, in  0.795 seconds
Platform modules already initialized, skipping
Registering precompiled user dll's ...
Registered in 0.000579 seconds.
Begin MonoManager ReloadAssembly
Native extension for WindowsStandalone target not found
Refreshing native plugins compatible for Editor in 0.20 ms, found 0 plugins.
Preloading 0 native plugins for Editor in 0.00 ms.
Invoked RoslynAnalysisRunner static constructor.
RoslynAnalysisRunner will not be running.
RoslynAnalysisRunner has terminated.
Mono: successfully reloaded assembly
- Completed reload, in  0.684 seconds
Platform modules already initialized, skipping
========================================================================
Worker process is ready to serve import requests
Launched and connected shader compiler UnityShaderCompiler.exe after 0.04 seconds
Refreshing native plugins compatible for Editor in 0.30 ms, found 0 plugins.
Preloading 0 native plugins for Editor in 0.00 ms.
Unloading 1094 Unused Serialized files (Serialized files now loaded: 0)
System memory in use before: 67.5 MB.
System memory in use after: 67.6 MB.

Unloading 10 unused Assets to reduce memory usage. Loaded Objects now: 1548.
Total: 1.383900 ms (FindLiveObjects: 0.138800 ms CreateObjectMapping: 0.025200 ms MarkObjects: 1.167100 ms  DeleteObjects: 0.052100 ms)

========================================================================
Received Import Request.
  path: Assets/New Terrain.asset
  artifactKey: Guid(f427fc5fd4fd8c1469b41c7e471f25fd) Importer(815301076,1909f56bfc062723c751e8b465ee728b)
Start importing Assets/New Terrain.asset using Guid(f427fc5fd4fd8c1469b41c7e471f25fd) Importer(815301076,1909f56bfc062723c751e8b465ee728b)  -> (artifact id: '40e37a6833e05b02c763d702264718e7') in 0.048924 seconds
  Import took 0.050645 seconds .

========================================================================
Received Import Request.
  Time since last request: 34.473695 seconds.
  path: Assets/New Material.mat
  artifactKey: Guid(a5d34b576c0183c49b5d828270faae14) Importer(815301076,1909f56bfc062723c751e8b465ee728b)
Start importing Assets/New Material.mat using Guid(a5d34b576c0183c49b5d828270faae14) Importer(815301076,1909f56bfc062723c751e8b465ee728b)  -> (artifact id: '9ccc48ab3a7dad5e5bcf71debbf482e6') in 0.073772 seconds
  Import took 0.075419 seconds .

========================================================================
Received Import Request.
  Time since last request: 129.870199 seconds.
  path: Assets/New Material.mat
  artifactKey: Guid(a5d34b576c0183c49b5d828270faae14) Importer(815301076,1909f56bfc062723c751e8b465ee728b)
Start importing Assets/New Material.mat using Guid(a5d34b576c0183c49b5d828270faae14) Importer(815301076,1909f56bfc062723c751e8b465ee728b)  -> (artifact id: 'b333fef40da3986922f0e27b5d4e6d5b') in 0.011374 seconds
  Import took 0.013118 seconds .

========================================================================
Received Import Request.
  Time since last request: 0.000161 seconds.
  path: Assets/New Terrain.asset
  artifactKey: Guid(f427fc5fd4fd8c1469b41c7e471f25fd) Importer(815301076,1909f56bfc062723c751e8b465ee728b)
Start importing Assets/New Terrain.asset using Guid(f427fc5fd4fd8c1469b41c7e471f25fd) Importer(815301076,1909f56bfc062723c751e8b465ee728b)  -> (artifact id: '34490c7b91fb367c41f32d86caf52bc1') in 0.006452 seconds
  Import took 0.008248 seconds .

AssetImportWorkerClient::OnTransportError - code=2 error=End of file
